# JRE version: Java(TM) SE Runtime Environment (14.0.1+7) (build 14.0.1+7)
# Java VM: Java HotSpot(TM) 64-Bit Server VM (14.0.1+7, mixed mode, sharing, tiered, compressed oops, g1 gc, windows-amd64)
Heap:
 garbage-first heap   total 105472K, used 30109K [0x0000000081e00000, 0x0000000100000000)
  region size 1024K, 5 young (5120K), 5 survivors (5120K)
 Metaspace       used 47258K, capacity 48870K, committed 49104K, reserved 1091584K
  class space    used 6607K, capacity 7224K, committed 7296K, reserved 1048576K
GC Heap History (20 events):
Event: 2.608 GC heap after
{Heap after GC invocations=9 (full 0):
 garbage-first heap   total 62464K, used 17689K [0x0000000081e00000, 0x0000000100000000)
  region size 1024K, 4 young (4096K), 4 survivors (4096K)
 Metaspace       used 24952K, capacity 26152K, committed 26416K, reserved 1071104K
  class space    used 3453K, capacity 3867K, committed 3968K, reserved 1048576K
}
Event: 2.617 GC heap before
{Heap before GC invocations=9 (full 0):
 garbage-first heap   total 62464K, used 46361K [0x0000000081e00000, 0x0000000100000000)
  region size 1024K, 33 young (33792K), 4 survivors (4096K)
 Metaspace       used 24952K, capacity 26152K, committed 26416K, reserved 1071104K
  class space    used 3453K, capacity 3867K, committed 3968K, reserved 1048576K
}
Event: 2.621 GC heap after
{Heap after GC invocations=10 (full 0):
 garbage-first heap   total 62464K, used 17748K [0x0000000081e00000, 0x0000000100000000)
  region size 1024K, 2 young (2048K), 2 survivors (2048K)
 Metaspace       used 24952K, capacity 26152K, committed 26416K, reserved 1071104K
  class space    used 3453K, capacity 3867K, committed 3968K, reserved 1048576K
}
Event: 2.766 GC heap before
{Heap before GC invocations=10 (full 0):
 garbage-first heap   total 62464K, used 47444K [0x0000000081e00000, 0x0000000100000000)
  region size 1024K, 32 young (32768K), 2 survivors (2048K)
 Metaspace       used 26363K, capacity 27540K, committed 27824K, reserved 1073152K
  class space    used 3599K, capacity 4030K, committed 4096K, reserved 1048576K
}
Event: 2.771 GC heap after
{Heap after GC invocations=11 (full 0):
 garbage-first heap   total 75776K, used 23377K [0x0000000081e00000, 0x0000000100000000)
  region size 1024K, 4 young (4096K), 4 survivors (4096K)
 Metaspace       used 26363K, capacity 27540K, committed 27824K, reserved 1073152K
  class space    used 3599K, capacity 4030K, committed 4096K, reserved 1048576K
}
Event: 2.874 GC heap before
{Heap before GC invocations=11 (full 0):
 garbage-first heap   total 75776K, used 56145K [0x0000000081e00000, 0x0000000100000000)
  region size 1024K, 37 young (37888K), 4 survivors (4096K)
 Metaspace       used 26794K, capacity 28047K, committed 28080K, reserved 1073152K
  class space    used 3637K, capacity 4070K, committed 4096K, reserved 1048576K
}
Event: 2.877 GC heap after
{Heap after GC invocations=12 (full 0):
 garbage-first heap   total 75776K, used 23072K [0x0000000081e00000, 0x0000000100000000)
  region size 1024K, 3 young (3072K), 3 survivors (3072K)
 Metaspace       used 26794K, capacity 28047K, committed 28080K, reserved 1073152K
  class space    used 3637K, capacity 4070K, committed 4096K, reserved 1048576K
}
Event: 2.901 GC heap before
{Heap before GC invocations=12 (full 0):
 garbage-first heap   total 75776K, used 57888K [0x0000000081e00000, 0x0000000100000000)
  region size 1024K, 37 young (37888K), 3 survivors (3072K)
 Metaspace       used 26794K, capacity 28047K, committed 28080K, reserved 1073152K
  class space    used 3637K, capacity 4070K, committed 4096K, reserved 1048576K
}
Event: 2.905 GC heap after
{Heap after GC invocations=13 (full 0):
 garbage-first heap   total 75776K, used 25061K [0x0000000081e00000, 0x0000000100000000)
  region size 1024K, 5 young (5120K), 5 survivors (5120K)
 Metaspace       used 26794K, capacity 28047K, committed 28080K, reserved 1073152K
  class space    used 3637K, capacity 4070K, committed 4096K, reserved 1048576K
}
Event: 3.114 GC heap before
{Heap before GC invocations=13 (full 0):
 garbage-first heap   total 75776K, used 57829K [0x0000000081e00000, 0x0000000100000000)
  region size 1024K, 38 young (38912K), 5 survivors (5120K)
 Metaspace       used 29374K, capacity 30618K, committed 30768K, reserved 1075200K
  class space    used 3964K, capacity 4436K, committed 4480K, reserved 1048576K
}
Event: 3.117 GC heap after
{Heap after GC invocations=14 (full 0):
 garbage-first heap   total 75776K, used 24076K [0x0000000081e00000, 0x0000000100000000)
  region size 1024K, 2 young (2048K), 2 survivors (2048K)
 Metaspace       used 29374K, capacity 30618K, committed 30768K, reserved 1075200K
  class space    used 3964K, capacity 4436K, committed 4480K, reserved 1048576K
}
Event: 3.380 GC heap before
{Heap before GC invocations=14 (full 0):
 garbage-first heap   total 75776K, used 59916K [0x0000000081e00000, 0x0000000100000000)
  region size 1024K, 37 young (37888K), 2 survivors (2048K)
 Metaspace       used 32991K, capacity 34356K, committed 34480K, reserved 1079296K
  class space    used 4601K, capacity 5081K, committed 5120K, reserved 1048576K
}
Event: 3.383 GC heap after
{Heap after GC invocations=15 (full 0):
 garbage-first heap   total 91136K, used 24684K [0x0000000081e00000, 0x0000000100000000)
  region size 1024K, 3 young (3072K), 3 survivors (3072K)
 Metaspace       used 32991K, capacity 34356K, committed 34480K, reserved 1079296K
  class space    used 4601K, capacity 5081K, committed 5120K, reserved 1048576K
}
Event: 3.526 GC heap before
{Heap before GC invocations=15 (full 0):
 garbage-first heap   total 91136K, used 33900K [0x0000000081e00000, 0x0000000100000000)
  region size 1024K, 13 young (13312K), 3 survivors (3072K)
 Metaspace       used 34452K, capacity 35778K, committed 35920K, reserved 1079296K
  class space    used 4771K, capacity 5278K, committed 5376K, reserved 1048576K
}
Event: 3.530 GC heap after
{Heap after GC invocations=16 (full 0):
 garbage-first heap   total 91136K, used 25266K [0x0000000081e00000, 0x0000000100000000)
  region size 1024K, 3 young (3072K), 3 survivors (3072K)
 Metaspace       used 34452K, capacity 35778K, committed 35920K, reserved 1079296K
  class space    used 4771K, capacity 5278K, committed 5376K, reserved 1048576K
}
Event: 3.926 GC heap before
{Heap before GC invocations=17 (full 0):
 garbage-first heap   total 91136K, used 73394K [0x0000000081e00000, 0x0000000100000000)
  region size 1024K, 50 young (51200K), 3 survivors (3072K)
 Metaspace       used 40566K, capacity 41907K, committed 42192K, reserved 1085440K
  class space    used 5633K, capacity 6147K, committed 6272K, reserved 1048576K
}
Event: 3.932 GC heap after
{Heap after GC invocations=18 (full 0):
 garbage-first heap   total 91136K, used 26579K [0x0000000081e00000, 0x0000000100000000)
  region size 1024K, 5 young (5120K), 5 survivors (5120K)
 Metaspace       used 40566K, capacity 41907K, committed 42192K, reserved 1085440K
  class space    used 5633K, capacity 6147K, committed 6272K, reserved 1048576K
}
Event: 4.364 GC heap before
{Heap before GC invocations=19 (full 0):
 garbage-first heap   total 91136K, used 73683K [0x0000000081e00000, 0x0000000100000000)
  region size 1024K, 51 young (52224K), 5 survivors (5120K)
 Metaspace       used 45237K, capacity 46704K, committed 46928K, reserved 1089536K
  class space    used 6298K, capacity 6847K, committed 6912K, reserved 1048576K
}
Event: 4.369 GC heap after
{Heap after GC invocations=20 (full 0):
 garbage-first heap   total 91136K, used 28602K [0x0000000081e00000, 0x0000000100000000)
  region size 1024K, 6 young (6144K), 6 survivors (6144K)
 Metaspace       used 45237K, capacity 46704K, committed 46928K, reserved 1089536K
  class space    used 6298K, capacity 6847K, committed 6912K, reserved 1048576K
}
Event: 4.605 GC heap before
{Heap before GC invocations=20 (full 0):
 garbage-first heap   total 91136K, used 73658K [0x0000000081e00000, 0x0000000100000000)
  region size 1024K, 50 young (51200K), 6 survivors (6144K)
 Metaspace       used 47258K, capacity 48870K, committed 49104K, reserved 1091584K
  class space    used 6607K, capacity 7224K, committed 7296K, reserved 1048576K
}

